This is pdfTeX, Version 3.141592653-2.6-1.40.23 (TeX Live 2022/dev) (preloaded format=pdflatex 2022.2.3)  9 APR 2023 14:23
entering extended mode
 restricted \write18 enabled.
 %&-line parsing enabled.
**Hadah_Thesis.tex
(./Hadah_Thesis.tex
LaTeX2e <2021-11-15> patch level 1
L3 programming layer <2022-01-21>
(/usr/local/texlive/2021/texmf-dist/tex/latex/base/article.cls
Document Class: article 2021/10/04 v1.4n Standard LaTeX document class
(/usr/local/texlive/2021/texmf-dist/tex/latex/base/size12.clo
File: size12.clo 2021/10/04 v1.4n Standard LaTeX file (size option)
)
\c@part=\count185
\c@section=\count186
\c@subsection=\count187
\c@subsubsection=\count188
\c@paragraph=\count189
\c@subparagraph=\count190
\c@figure=\count191
\c@table=\count192
\abovecaptionskip=\skip47
\belowcaptionskip=\skip48
\bibindent=\dimen138
)
(./uhthesis2019.sty
Document Style Option `UH Thesis Template' <Aug 2019>.
(/usr/local/texlive/2021/texmf-dist/tex/latex/geometry/geometry.sty
Package: geometry 2020/01/02 v5.9 Page Geometry

(/usr/local/texlive/2021/texmf-dist/tex/latex/graphics/keyval.sty
Package: keyval 2014/10/28 v1.15 key=value parser (DPC)
\KV@toks@=\toks16
)
(/usr/local/texlive/2021/texmf-dist/tex/generic/iftex/ifvtex.sty
Package: ifvtex 2019/10/25 v1.7 ifvtex legacy package. Use iftex instead.

(/usr/local/texlive/2021/texmf-dist/tex/generic/iftex/iftex.sty
Package: iftex 2020/03/06 v1.0d TeX engine tests
))
\Gm@cnth=\count193
\Gm@cntv=\count194
\c@Gm@tempcnt=\count195
\Gm@bindingoffset=\dimen139
\Gm@wd@mp=\dimen140
\Gm@odd@mp=\dimen141
\Gm@even@mp=\dimen142
\Gm@layoutwidth=\dimen143
\Gm@layoutheight=\dimen144
\Gm@layouthoffset=\dimen145
\Gm@layoutvoffset=\dimen146
\Gm@dimlist=\toks17
)
(/usr/local/texlive/2021/texmf-dist/tex/latex/tocloft/tocloft.sty
Package: tocloft 2017/08/31 v2.3i parameterised ToC, etc., typesetting
Package tocloft Info: The document has section divisions on input line 51.
\cftparskip=\skip49
\cftbeforetoctitleskip=\skip50
\cftaftertoctitleskip=\skip51
\cftbeforepartskip=\skip52
\cftpartnumwidth=\skip53
\cftpartindent=\skip54
\cftbeforesecskip=\skip55
\cftsecindent=\skip56
\cftsecnumwidth=\skip57
\cftbeforesubsecskip=\skip58
\cftsubsecindent=\skip59
\cftsubsecnumwidth=\skip60
\cftbeforesubsubsecskip=\skip61
\cftsubsubsecindent=\skip62
\cftsubsubsecnumwidth=\skip63
\cftbeforeparaskip=\skip64
\cftparaindent=\skip65
\cftparanumwidth=\skip66
\cftbeforesubparaskip=\skip67
\cftsubparaindent=\skip68
\cftsubparanumwidth=\skip69
\cftbeforeloftitleskip=\skip70
\cftafterloftitleskip=\skip71
\cftbeforefigskip=\skip72
\cftfigindent=\skip73
\cftfignumwidth=\skip74
\c@lofdepth=\count196
\c@lotdepth=\count197
\cftbeforelottitleskip=\skip75
\cftafterlottitleskip=\skip76
\cftbeforetabskip=\skip77
\cfttabindent=\skip78
\cfttabnumwidth=\skip79
)
(/Users/hhadah/Library/texmf/tex/latex/setspace.sty
Package: setspace 2000/12/01 6.7 Contributed and Supported LaTeX2e package

Package: `setspace' 6.7 <2000/12/01>
)) (/usr/local/texlive/2021/texmf-dist/tex/latex/graphics/graphicx.sty
Package: graphicx 2021/09/16 v1.2d Enhanced LaTeX Graphics (DPC,SPQR)

(/usr/local/texlive/2021/texmf-dist/tex/latex/graphics/graphics.sty
Package: graphics 2021/03/04 v1.4d Standard LaTeX Graphics (DPC,SPQR)

(/usr/local/texlive/2021/texmf-dist/tex/latex/graphics/trig.sty
Package: trig 2021/08/11 v1.11 sin cos tan (DPC)
)
(/usr/local/texlive/2021/texmf-dist/tex/latex/graphics-cfg/graphics.cfg
File: graphics.cfg 2016/06/04 v1.11 sample graphics configuration
)
Package graphics Info: Driver file: pdftex.def on input line 107.

(/usr/local/texlive/2021/texmf-dist/tex/latex/graphics-def/pdftex.def
File: pdftex.def 2020/10/05 v1.2a Graphics/color driver for pdftex
))
\Gin@req@height=\dimen147
\Gin@req@width=\dimen148
)
(/usr/local/texlive/2021/texmf-dist/tex/latex/amsmath/amsmath.sty
Package: amsmath 2021/10/15 v2.17l AMS math features
\@mathmargin=\skip80

For additional information on amsmath, use the `?' option.
(/usr/local/texlive/2021/texmf-dist/tex/latex/amsmath/amstext.sty
Package: amstext 2021/08/26 v2.01 AMS text

(/usr/local/texlive/2021/texmf-dist/tex/latex/amsmath/amsgen.sty
File: amsgen.sty 1999/11/30 v2.0 generic functions
\@emptytoks=\toks18
\ex@=\dimen149
))
(/usr/local/texlive/2021/texmf-dist/tex/latex/amsmath/amsbsy.sty
Package: amsbsy 1999/11/29 v1.2d Bold Symbols
\pmbraise@=\dimen150
)
(/usr/local/texlive/2021/texmf-dist/tex/latex/amsmath/amsopn.sty
Package: amsopn 2021/08/26 v2.02 operator names
)
\inf@bad=\count198
LaTeX Info: Redefining \frac on input line 234.
\uproot@=\count199
\leftroot@=\count266
LaTeX Info: Redefining \overline on input line 399.
\classnum@=\count267
\DOTSCASE@=\count268
LaTeX Info: Redefining \ldots on input line 496.
LaTeX Info: Redefining \dots on input line 499.
LaTeX Info: Redefining \cdots on input line 620.
\Mathstrutbox@=\box50
\strutbox@=\box51
\big@size=\dimen151
LaTeX Font Info:    Redeclaring font encoding OML on input line 743.
LaTeX Font Info:    Redeclaring font encoding OMS on input line 744.
\macc@depth=\count269
\c@MaxMatrixCols=\count270
\dotsspace@=\muskip16
\c@parentequation=\count271
\dspbrk@lvl=\count272
\tag@help=\toks19
\row@=\count273
\column@=\count274
\maxfields@=\count275
\andhelp@=\toks20
\eqnshift@=\dimen152
\alignsep@=\dimen153
\tagshift@=\dimen154
\tagwidth@=\dimen155
\totwidth@=\dimen156
\lineht@=\dimen157
\@envbody=\toks21
\multlinegap=\skip81
\multlinetaggap=\skip82
\mathdisplay@stack=\toks22
LaTeX Info: Redefining \[ on input line 2938.
LaTeX Info: Redefining \] on input line 2939.
)
(/usr/local/texlive/2021/texmf-dist/tex/latex/adjustbox/adjustbox.sty
Package: adjustbox 2020/08/19 v1.3 Adjusting TeX boxes (trim, clip, ...)

(/usr/local/texlive/2021/texmf-dist/tex/latex/xkeyval/xkeyval.sty
Package: xkeyval 2020/11/20 v2.8 package option processing (HA)

(/usr/local/texlive/2021/texmf-dist/tex/generic/xkeyval/xkeyval.tex
(/usr/local/texlive/2021/texmf-dist/tex/generic/xkeyval/xkvutils.tex
\XKV@toks=\toks23
\XKV@tempa@toks=\toks24
)
\XKV@depth=\count276
File: xkeyval.tex 2014/12/03 v2.7a key=value parser (HA)
))
(/usr/local/texlive/2021/texmf-dist/tex/latex/adjustbox/adjcalc.sty
Package: adjcalc 2012/05/16 v1.1 Provides advanced setlength with multiple back
-ends (calc, etex, pgfmath)
)
(/usr/local/texlive/2021/texmf-dist/tex/latex/adjustbox/trimclip.sty
Package: trimclip 2020/08/19 v1.2 Trim and clip general TeX material

(/usr/local/texlive/2021/texmf-dist/tex/latex/collectbox/collectbox.sty
Package: collectbox 2012/05/17 v0.4b Collect macro arguments as boxes
\collectedbox=\box52
)
\tc@llx=\dimen158
\tc@lly=\dimen159
\tc@urx=\dimen160
\tc@ury=\dimen161
Package trimclip Info: Using driver 'tc-pdftex.def'.

(/usr/local/texlive/2021/texmf-dist/tex/latex/adjustbox/tc-pdftex.def
File: tc-pdftex.def 2019/01/04 v2.2 Clipping driver for pdftex
))
\adjbox@Width=\dimen162
\adjbox@Height=\dimen163
\adjbox@Depth=\dimen164
\adjbox@Totalheight=\dimen165
\adjbox@pwidth=\dimen166
\adjbox@pheight=\dimen167
\adjbox@pdepth=\dimen168
\adjbox@ptotalheight=\dimen169

(/usr/local/texlive/2021/texmf-dist/tex/latex/ifoddpage/ifoddpage.sty
Package: ifoddpage 2016/04/23 v1.1 Conditionals for odd/even page detection
\c@checkoddpage=\count277
)
(/usr/local/texlive/2021/texmf-dist/tex/latex/varwidth/varwidth.sty
Package: varwidth 2009/03/30 ver 0.92;  Variable-width minipages
\@vwid@box=\box53
\sift@deathcycles=\count278
\@vwid@loff=\dimen170
\@vwid@roff=\dimen171
))
(/usr/local/texlive/2021/texmf-dist/tex/latex/booktabs/booktabs.sty
Package: booktabs 2020/01/12 v1.61803398 Publication quality tables
\heavyrulewidth=\dimen172
\lightrulewidth=\dimen173
\cmidrulewidth=\dimen174
\belowrulesep=\dimen175
\belowbottomsep=\dimen176
\aboverulesep=\dimen177
\abovetopsep=\dimen178
\cmidrulesep=\dimen179
\cmidrulekern=\dimen180
\defaultaddspace=\dimen181
\@cmidla=\count279
\@cmidlb=\count280
\@aboverulesep=\dimen182
\@belowrulesep=\dimen183
\@thisruleclass=\count281
\@lastruleclass=\count282
\@thisrulewidth=\dimen184
)
(/usr/local/texlive/2021/texmf-dist/tex/latex/placeins/placeins.sty
Package: placeins 2005/04/18  v 2.2
)
(/usr/local/texlive/2021/texmf-dist/tex/latex/caption/subcaption.sty
Package: subcaption 2020/10/07 v1.3j Sub-captions (AR)

(/usr/local/texlive/2021/texmf-dist/tex/latex/caption/caption.sty
Package: caption 2020/10/26 v3.5g Customizing captions (AR)

(/usr/local/texlive/2021/texmf-dist/tex/latex/caption/caption3.sty
Package: caption3 2020/10/21 v2.2e caption3 kernel (AR)
\captionmargin=\dimen185
\captionmargin@=\dimen186
\captionwidth=\dimen187
\caption@tempdima=\dimen188
\caption@indent=\dimen189
\caption@parindent=\dimen190
\caption@hangindent=\dimen191
Package caption Info: Standard document class detected.
)
\c@caption@flags=\count283
\c@continuedfloat=\count284
)
\c@subfigure=\count285
\c@subtable=\count286
)
(/usr/local/texlive/2021/texmf-dist/tex/latex/floatrow/floatrow.sty
Package: floatrow 2008/08/02 v0.3b floatrow: float package extension
\c@float@type=\count287
\float@exts=\toks25
\float@box=\box54
\@floatcapt=\box55
Package floatrow Info: Modified float package code loaded on input line 455.
Package floatrow Info: Modified rotfloat package code loaded on input line 473.

\FR@everyfloat=\toks26
\flrow@foot=\insert252
\FB@wd=\dimen192
\FBo@wd=\dimen193
\FBc@wd=\dimen194
\FBo@ht=\skip83
\FBc@ht=\skip84
\FBf@ht=\skip85
\FBo@max=\skip86
\FBc@max=\skip87
\FBf@max=\skip88
\c@FBl@b=\count288
\floatbox@depth=\count289
\c@FRobj=\count290
\c@FRsobj=\count291
\Xhsize=\skip89
\sXhsize=\skip90
\Zhsize=\skip91
\sZhsize=\skip92
\flrow@rowbox=\box56
\FR@Zunitlength=\dimen195
\c@FBcnt=\count292
\FPOScnt=\count293
\LTleft=\skip93
\LTright=\skip94
\LTleft=\skip95
\LTright=\skip96
\flrow@types=\toks27
)
(/Users/hhadah/Library/texmf/tex/latex/multicol.sty
Package: multicol 2004/02/14 v1.6e multicolumn formatting (FMi)
\c@tracingmulticols=\count294
\mult@box=\box57
\multicol@leftmargin=\dimen196
\c@unbalance=\count295
\c@collectmore=\count296
\doublecol@number=\count297
\multicoltolerance=\count298
\multicolpretolerance=\count299
\full@width=\dimen197
\page@free=\dimen198
\premulticols=\dimen199
\postmulticols=\dimen256
\multicolsep=\skip97
\multicolbaselineskip=\skip98
\partial@page=\box58
\last@line=\box59
\mult@rightbox=\box60
\mult@grightbox=\box61
\mult@gfirstbox=\box62
\mult@firstbox=\box63
\@tempa=\box64
\@tempa=\box65
\@tempa=\box66
\@tempa=\box67
\@tempa=\box68
\@tempa=\box69
\@tempa=\box70
\@tempa=\box71
\@tempa=\box72
\@tempa=\box73
\@tempa=\box74
\@tempa=\box75
\@tempa=\box76
\@tempa=\box77
\@tempa=\box78
\@tempa=\box79
\@tempa=\box80
\c@columnbadness=\count300
\c@finalcolumnbadness=\count301
\last@try=\dimen257
\multicolovershoot=\dimen258
\multicolundershoot=\dimen259
\mult@nat@firstbox=\box81
\colbreak@box=\box82
)
(/usr/local/texlive/2021/texmf-dist/tex/latex/multirow/multirow.sty
Package: multirow 2021/03/15 v2.8 Span multiple rows of a table
\multirow@colwidth=\skip99
\multirow@cntb=\count302
\multirow@dima=\skip100
\bigstrutjot=\dimen260
)
(/usr/local/texlive/2021/texmf-dist/tex/latex/natbib/natbib.sty
Package: natbib 2010/09/13 8.31b (PWD, AO)
\bibhang=\skip101
\bibsep=\skip102
LaTeX Info: Redefining \cite on input line 694.
\c@NAT@ctr=\count303
)
(/usr/local/texlive/2021/texmf-dist/tex/latex/siunitx/siunitx.sty
Package: siunitx 2022-02-02 v3.0.46 A comprehensive (SI) units package
\l__siunitx_angle_tmp_dim=\dimen261
\l__siunitx_angle_marker_box=\box83
\l__siunitx_angle_unit_box=\box84
\l__siunitx_compound_count_int=\count304

(/usr/local/texlive/2021/texmf-dist/tex/latex/translations/translations.sty
Package: translations 2022/01/04 v1.11 internationalization of LaTeX2e packages
 (CN)

(/usr/local/texlive/2021/texmf-dist/tex/latex/etoolbox/etoolbox.sty
Package: etoolbox 2020/10/05 v2.5k e-TeX tools for LaTeX (JAW)
\etb@tempcnta=\count305
)
(/usr/local/texlive/2021/texmf-dist/tex/generic/pdftexcmds/pdftexcmds.sty
Package: pdftexcmds 2020-06-27 v0.33 Utility functions of pdfTeX for LuaTeX (HO
)

(/usr/local/texlive/2021/texmf-dist/tex/generic/infwarerr/infwarerr.sty
Package: infwarerr 2019/12/03 v1.5 Providing info/warning/error messages (HO)
)
(/usr/local/texlive/2021/texmf-dist/tex/generic/ltxcmds/ltxcmds.sty
Package: ltxcmds 2020-05-10 v1.25 LaTeX kernel commands for general use (HO)
)
Package pdftexcmds Info: \pdf@primitive is available.
Package pdftexcmds Info: \pdf@ifprimitive is available.
Package pdftexcmds Info: \pdfdraftmode found.
))
\l__siunitx_number_exponent_fixed_int=\count306
\l__siunitx_number_min_decimal_int=\count307
\l__siunitx_number_min_integer_int=\count308
\l__siunitx_number_round_precision_int=\count309
\l__siunitx_number_group_minimum_int=\count310
\l__siunitx_table_tmp_box=\box85
\l__siunitx_table_tmp_dim=\dimen262
\l__siunitx_table_column_width_dim=\dimen263
\l__siunitx_table_integer_box=\box86
\l__siunitx_table_decimal_box=\box87
\l__siunitx_table_before_box=\box88
\l__siunitx_table_after_box=\box89
\l__siunitx_table_before_dim=\dimen264
\l__siunitx_table_carry_dim=\dimen265
\l__siunitx_unit_tmp_int=\count311
\l__siunitx_unit_position_int=\count312
\l__siunitx_unit_total_int=\count313

(/usr/local/texlive/2021/texmf-dist/tex/latex/l3packages/l3keys2e/l3keys2e.sty
(/usr/local/texlive/2021/texmf-dist/tex/latex/l3kernel/expl3.sty
Package: expl3 2022-01-21 L3 programming layer (loader) 

(/usr/local/texlive/2021/texmf-dist/tex/latex/l3backend/l3backend-pdftex.def
File: l3backend-pdftex.def 2022-01-12 L3 backend support: PDF output (pdfTeX)
\l__color_backend_stack_int=\count314
\l__pdf_internal_box=\box90
))
Package: l3keys2e 2022-01-12 LaTeX2e option processing using LaTeX3 keys
) (/usr/local/texlive/2021/texmf-dist/tex/latex/tools/array.sty
Package: array 2021/10/04 v2.5f Tabular extension package (FMi)
\col@sep=\dimen266
\ar@mcellbox=\box91
\extrarowheight=\dimen267
\NC@list=\toks28
\extratabsurround=\skip103
\backup@length=\skip104
\ar@cellbox=\box92
))
(/usr/local/texlive/2021/texmf-dist/tex/latex/graphics/lscape.sty
Package: lscape 2020/05/28 v3.02 Landscape Pages (DPC)
)
(/usr/local/texlive/2021/texmf-dist/tex/latex/threeparttablex/threeparttablex.s
ty
Package: threeparttablex 2013/07/23 v0.3 by daleif

(/usr/local/texlive/2021/texmf-dist/tex/latex/threeparttable/threeparttable.sty
Package: threeparttable 2003/06/13  v 3.0
\@tempboxb=\box93
) (/usr/local/texlive/2021/texmf-dist/tex/latex/environ/environ.sty
Package: environ 2014/05/04 v0.3 A new way to define environments

(/usr/local/texlive/2021/texmf-dist/tex/latex/trimspaces/trimspaces.sty
Package: trimspaces 2009/09/17 v1.1 Trim spaces around a token list
))
\TPTL@width=\skip105
)
(/usr/local/texlive/2021/texmf-dist/tex/latex/makecell/makecell.sty
Package: makecell 2009/08/03 V0.1e Managing of Tab Column Heads and Cells
\rotheadsize=\dimen268
\c@nlinenum=\count315
\TeXr@lab=\toks29
)
(/usr/local/texlive/2021/texmf-dist/tex/latex/tools/longtable.sty
Package: longtable 2021-09-01 v4.17 Multi-page Table package (DPC)
\LTleft=\skip106
\LTright=\skip107
\LTpre=\skip108
\LTpost=\skip109
\LTchunksize=\count316
\LTcapwidth=\dimen269
\LT@head=\box94
\LT@firsthead=\box95
\LT@foot=\box96
\LT@lastfoot=\box97
\LT@gbox=\box98
\LT@cols=\count317
\LT@rows=\count318
\c@LT@tables=\count319
\c@LT@chunks=\count320
\LT@p@ftn=\toks30
)
(/usr/local/texlive/2021/texmf-dist/tex/latex/tools/tabularx.sty
Package: tabularx 2020/01/15 v2.11c `tabularx' package (DPC)
\TX@col@width=\dimen270
\TX@old@table=\dimen271
\TX@old@col=\dimen272
\TX@target=\dimen273
\TX@delta=\dimen274
\TX@cols=\count321
\TX@ftn=\toks31
)
(/usr/local/texlive/2021/texmf-dist/tex/latex/pgf/frontendlayer/tikz.sty
(/usr/local/texlive/2021/texmf-dist/tex/latex/pgf/basiclayer/pgf.sty
(/usr/local/texlive/2021/texmf-dist/tex/latex/pgf/utilities/pgfrcs.sty
(/usr/local/texlive/2021/texmf-dist/tex/generic/pgf/utilities/pgfutil-common.te
x
\pgfutil@everybye=\toks32
\pgfutil@tempdima=\dimen275
\pgfutil@tempdimb=\dimen276

(/usr/local/texlive/2021/texmf-dist/tex/generic/pgf/utilities/pgfutil-common-li
sts.tex))
(/usr/local/texlive/2021/texmf-dist/tex/generic/pgf/utilities/pgfutil-latex.def
\pgfutil@abb=\box99
) (/usr/local/texlive/2021/texmf-dist/tex/generic/pgf/utilities/pgfrcs.code.tex
(/usr/local/texlive/2021/texmf-dist/tex/generic/pgf/pgf.revision.tex)
Package: pgfrcs 2021/05/15 v3.1.9a (3.1.9a)
))
Package: pgf 2021/05/15 v3.1.9a (3.1.9a)

(/usr/local/texlive/2021/texmf-dist/tex/latex/pgf/basiclayer/pgfcore.sty
(/usr/local/texlive/2021/texmf-dist/tex/latex/pgf/systemlayer/pgfsys.sty
(/usr/local/texlive/2021/texmf-dist/tex/generic/pgf/systemlayer/pgfsys.code.tex
Package: pgfsys 2021/05/15 v3.1.9a (3.1.9a)
(/usr/local/texlive/2021/texmf-dist/tex/generic/pgf/utilities/pgfkeys.code.tex
\pgfkeys@pathtoks=\toks33
\pgfkeys@temptoks=\toks34

(/usr/local/texlive/2021/texmf-dist/tex/generic/pgf/utilities/pgfkeysfiltered.c
ode.tex
\pgfkeys@tmptoks=\toks35
))
\pgf@x=\dimen277
\pgf@y=\dimen278
\pgf@xa=\dimen279
\pgf@ya=\dimen280
\pgf@xb=\dimen281
\pgf@yb=\dimen282
\pgf@xc=\dimen283
\pgf@yc=\dimen284
\pgf@xd=\dimen285
\pgf@yd=\dimen286
\w@pgf@writea=\write3
\r@pgf@reada=\read2
\c@pgf@counta=\count322
\c@pgf@countb=\count323
\c@pgf@countc=\count324
\c@pgf@countd=\count325
\t@pgf@toka=\toks36
\t@pgf@tokb=\toks37
\t@pgf@tokc=\toks38
\pgf@sys@id@count=\count326

(/usr/local/texlive/2021/texmf-dist/tex/generic/pgf/systemlayer/pgf.cfg
File: pgf.cfg 2021/05/15 v3.1.9a (3.1.9a)
)
Driver file for pgf: pgfsys-pdftex.def

(/usr/local/texlive/2021/texmf-dist/tex/generic/pgf/systemlayer/pgfsys-pdftex.d
ef
File: pgfsys-pdftex.def 2021/05/15 v3.1.9a (3.1.9a)

(/usr/local/texlive/2021/texmf-dist/tex/generic/pgf/systemlayer/pgfsys-common-p
df.def
File: pgfsys-common-pdf.def 2021/05/15 v3.1.9a (3.1.9a)
)))
(/usr/local/texlive/2021/texmf-dist/tex/generic/pgf/systemlayer/pgfsyssoftpath.
code.tex
File: pgfsyssoftpath.code.tex 2021/05/15 v3.1.9a (3.1.9a)
\pgfsyssoftpath@smallbuffer@items=\count327
\pgfsyssoftpath@bigbuffer@items=\count328
)
(/usr/local/texlive/2021/texmf-dist/tex/generic/pgf/systemlayer/pgfsysprotocol.
code.tex
File: pgfsysprotocol.code.tex 2021/05/15 v3.1.9a (3.1.9a)
)) (/usr/local/texlive/2021/texmf-dist/tex/latex/xcolor/xcolor.sty
Package: xcolor 2021/10/31 v2.13 LaTeX color extensions (UK)

(/usr/local/texlive/2021/texmf-dist/tex/latex/graphics-cfg/color.cfg
File: color.cfg 2016/01/02 v1.6 sample color configuration
)
Package xcolor Info: Driver file: pdftex.def on input line 227.
Package xcolor Info: Model `cmy' substituted by `cmy0' on input line 1352.
Package xcolor Info: Model `hsb' substituted by `rgb' on input line 1356.
Package xcolor Info: Model `RGB' extended on input line 1368.
Package xcolor Info: Model `HTML' substituted by `rgb' on input line 1370.
Package xcolor Info: Model `Hsb' substituted by `hsb' on input line 1371.
Package xcolor Info: Model `tHsb' substituted by `hsb' on input line 1372.
Package xcolor Info: Model `HSB' substituted by `hsb' on input line 1373.
Package xcolor Info: Model `Gray' substituted by `gray' on input line 1374.
Package xcolor Info: Model `wave' substituted by `hsb' on input line 1375.
)
(/usr/local/texlive/2021/texmf-dist/tex/generic/pgf/basiclayer/pgfcore.code.tex
Package: pgfcore 2021/05/15 v3.1.9a (3.1.9a)
(/usr/local/texlive/2021/texmf-dist/tex/generic/pgf/math/pgfmath.code.tex
(/usr/local/texlive/2021/texmf-dist/tex/generic/pgf/math/pgfmathcalc.code.tex
(/usr/local/texlive/2021/texmf-dist/tex/generic/pgf/math/pgfmathutil.code.tex)
(/usr/local/texlive/2021/texmf-dist/tex/generic/pgf/math/pgfmathparser.code.tex
\pgfmath@dimen=\dimen287
\pgfmath@count=\count329
\pgfmath@box=\box100
\pgfmath@toks=\toks39
\pgfmath@stack@operand=\toks40
\pgfmath@stack@operation=\toks41
)
(/usr/local/texlive/2021/texmf-dist/tex/generic/pgf/math/pgfmathfunctions.code.
tex
(/usr/local/texlive/2021/texmf-dist/tex/generic/pgf/math/pgfmathfunctions.basic
.code.tex)
(/usr/local/texlive/2021/texmf-dist/tex/generic/pgf/math/pgfmathfunctions.trigo
nometric.code.tex)
(/usr/local/texlive/2021/texmf-dist/tex/generic/pgf/math/pgfmathfunctions.rando
m.code.tex)
(/usr/local/texlive/2021/texmf-dist/tex/generic/pgf/math/pgfmathfunctions.compa
rison.code.tex)
(/usr/local/texlive/2021/texmf-dist/tex/generic/pgf/math/pgfmathfunctions.base.
code.tex)
(/usr/local/texlive/2021/texmf-dist/tex/generic/pgf/math/pgfmathfunctions.round
.code.tex)
(/usr/local/texlive/2021/texmf-dist/tex/generic/pgf/math/pgfmathfunctions.misc.
code.tex)
(/usr/local/texlive/2021/texmf-dist/tex/generic/pgf/math/pgfmathfunctions.integ
erarithmetics.code.tex)))
(/usr/local/texlive/2021/texmf-dist/tex/generic/pgf/math/pgfmathfloat.code.tex
\c@pgfmathroundto@lastzeros=\count330
)) (/usr/local/texlive/2021/texmf-dist/tex/generic/pgf/math/pgfint.code.tex)
(/usr/local/texlive/2021/texmf-dist/tex/generic/pgf/basiclayer/pgfcorepoints.co
de.tex
File: pgfcorepoints.code.tex 2021/05/15 v3.1.9a (3.1.9a)
\pgf@picminx=\dimen288
\pgf@picmaxx=\dimen289
\pgf@picminy=\dimen290
\pgf@picmaxy=\dimen291
\pgf@pathminx=\dimen292
\pgf@pathmaxx=\dimen293
\pgf@pathminy=\dimen294
\pgf@pathmaxy=\dimen295
\pgf@xx=\dimen296
\pgf@xy=\dimen297
\pgf@yx=\dimen298
\pgf@yy=\dimen299
\pgf@zx=\dimen300
\pgf@zy=\dimen301
)
(/usr/local/texlive/2021/texmf-dist/tex/generic/pgf/basiclayer/pgfcorepathconst
ruct.code.tex
File: pgfcorepathconstruct.code.tex 2021/05/15 v3.1.9a (3.1.9a)
\pgf@path@lastx=\dimen302
\pgf@path@lasty=\dimen303
)
(/usr/local/texlive/2021/texmf-dist/tex/generic/pgf/basiclayer/pgfcorepathusage
.code.tex
File: pgfcorepathusage.code.tex 2021/05/15 v3.1.9a (3.1.9a)
\pgf@shorten@end@additional=\dimen304
\pgf@shorten@start@additional=\dimen305
)
(/usr/local/texlive/2021/texmf-dist/tex/generic/pgf/basiclayer/pgfcorescopes.co
de.tex
File: pgfcorescopes.code.tex 2021/05/15 v3.1.9a (3.1.9a)
\pgfpic=\box101
\pgf@hbox=\box102
\pgf@layerbox@main=\box103
\pgf@picture@serial@count=\count331
)
(/usr/local/texlive/2021/texmf-dist/tex/generic/pgf/basiclayer/pgfcoregraphicst
ate.code.tex
File: pgfcoregraphicstate.code.tex 2021/05/15 v3.1.9a (3.1.9a)
\pgflinewidth=\dimen306
)
(/usr/local/texlive/2021/texmf-dist/tex/generic/pgf/basiclayer/pgfcoretransform
ations.code.tex
File: pgfcoretransformations.code.tex 2021/05/15 v3.1.9a (3.1.9a)
\pgf@pt@x=\dimen307
\pgf@pt@y=\dimen308
\pgf@pt@temp=\dimen309
)
(/usr/local/texlive/2021/texmf-dist/tex/generic/pgf/basiclayer/pgfcorequick.cod
e.tex
File: pgfcorequick.code.tex 2021/05/15 v3.1.9a (3.1.9a)
)
(/usr/local/texlive/2021/texmf-dist/tex/generic/pgf/basiclayer/pgfcoreobjects.c
ode.tex
File: pgfcoreobjects.code.tex 2021/05/15 v3.1.9a (3.1.9a)
)
(/usr/local/texlive/2021/texmf-dist/tex/generic/pgf/basiclayer/pgfcorepathproce
ssing.code.tex
File: pgfcorepathprocessing.code.tex 2021/05/15 v3.1.9a (3.1.9a)
)
(/usr/local/texlive/2021/texmf-dist/tex/generic/pgf/basiclayer/pgfcorearrows.co
de.tex
File: pgfcorearrows.code.tex 2021/05/15 v3.1.9a (3.1.9a)
\pgfarrowsep=\dimen310
)
(/usr/local/texlive/2021/texmf-dist/tex/generic/pgf/basiclayer/pgfcoreshade.cod
e.tex
File: pgfcoreshade.code.tex 2021/05/15 v3.1.9a (3.1.9a)
\pgf@max=\dimen311
\pgf@sys@shading@range@num=\count332
\pgf@shadingcount=\count333
)
(/usr/local/texlive/2021/texmf-dist/tex/generic/pgf/basiclayer/pgfcoreimage.cod
e.tex
File: pgfcoreimage.code.tex 2021/05/15 v3.1.9a (3.1.9a)

(/usr/local/texlive/2021/texmf-dist/tex/generic/pgf/basiclayer/pgfcoreexternal.
code.tex
File: pgfcoreexternal.code.tex 2021/05/15 v3.1.9a (3.1.9a)
\pgfexternal@startupbox=\box104
))
(/usr/local/texlive/2021/texmf-dist/tex/generic/pgf/basiclayer/pgfcorelayers.co
de.tex
File: pgfcorelayers.code.tex 2021/05/15 v3.1.9a (3.1.9a)
)
(/usr/local/texlive/2021/texmf-dist/tex/generic/pgf/basiclayer/pgfcoretranspare
ncy.code.tex
File: pgfcoretransparency.code.tex 2021/05/15 v3.1.9a (3.1.9a)
)
(/usr/local/texlive/2021/texmf-dist/tex/generic/pgf/basiclayer/pgfcorepatterns.
code.tex
File: pgfcorepatterns.code.tex 2021/05/15 v3.1.9a (3.1.9a)
)
(/usr/local/texlive/2021/texmf-dist/tex/generic/pgf/basiclayer/pgfcorerdf.code.
tex
File: pgfcorerdf.code.tex 2021/05/15 v3.1.9a (3.1.9a)
)))
(/usr/local/texlive/2021/texmf-dist/tex/generic/pgf/modules/pgfmoduleshapes.cod
e.tex
File: pgfmoduleshapes.code.tex 2021/05/15 v3.1.9a (3.1.9a)
\pgfnodeparttextbox=\box105
)
(/usr/local/texlive/2021/texmf-dist/tex/generic/pgf/modules/pgfmoduleplot.code.
tex
File: pgfmoduleplot.code.tex 2021/05/15 v3.1.9a (3.1.9a)
)
(/usr/local/texlive/2021/texmf-dist/tex/latex/pgf/compatibility/pgfcomp-version
-0-65.sty
Package: pgfcomp-version-0-65 2021/05/15 v3.1.9a (3.1.9a)
\pgf@nodesepstart=\dimen312
\pgf@nodesepend=\dimen313
)
(/usr/local/texlive/2021/texmf-dist/tex/latex/pgf/compatibility/pgfcomp-version
-1-18.sty
Package: pgfcomp-version-1-18 2021/05/15 v3.1.9a (3.1.9a)
))
(/usr/local/texlive/2021/texmf-dist/tex/latex/pgf/utilities/pgffor.sty
(/usr/local/texlive/2021/texmf-dist/tex/latex/pgf/utilities/pgfkeys.sty
(/usr/local/texlive/2021/texmf-dist/tex/generic/pgf/utilities/pgfkeys.code.tex)
) (/usr/local/texlive/2021/texmf-dist/tex/latex/pgf/math/pgfmath.sty
(/usr/local/texlive/2021/texmf-dist/tex/generic/pgf/math/pgfmath.code.tex))
(/usr/local/texlive/2021/texmf-dist/tex/generic/pgf/utilities/pgffor.code.tex
Package: pgffor 2021/05/15 v3.1.9a (3.1.9a)

(/usr/local/texlive/2021/texmf-dist/tex/generic/pgf/math/pgfmath.code.tex)
\pgffor@iter=\dimen314
\pgffor@skip=\dimen315
\pgffor@stack=\toks42
\pgffor@toks=\toks43
))
(/usr/local/texlive/2021/texmf-dist/tex/generic/pgf/frontendlayer/tikz/tikz.cod
e.tex
Package: tikz 2021/05/15 v3.1.9a (3.1.9a)

(/usr/local/texlive/2021/texmf-dist/tex/generic/pgf/libraries/pgflibraryplothan
dlers.code.tex
File: pgflibraryplothandlers.code.tex 2021/05/15 v3.1.9a (3.1.9a)
\pgf@plot@mark@count=\count334
\pgfplotmarksize=\dimen316
)
\tikz@lastx=\dimen317
\tikz@lasty=\dimen318
\tikz@lastxsaved=\dimen319
\tikz@lastysaved=\dimen320
\tikz@lastmovetox=\dimen321
\tikz@lastmovetoy=\dimen322
\tikzleveldistance=\dimen323
\tikzsiblingdistance=\dimen324
\tikz@figbox=\box106
\tikz@figbox@bg=\box107
\tikz@tempbox=\box108
\tikz@tempbox@bg=\box109
\tikztreelevel=\count335
\tikznumberofchildren=\count336
\tikznumberofcurrentchild=\count337
\tikz@fig@count=\count338

(/usr/local/texlive/2021/texmf-dist/tex/generic/pgf/modules/pgfmodulematrix.cod
e.tex
File: pgfmodulematrix.code.tex 2021/05/15 v3.1.9a (3.1.9a)
\pgfmatrixcurrentrow=\count339
\pgfmatrixcurrentcolumn=\count340
\pgf@matrix@numberofcolumns=\count341
)
\tikz@expandcount=\count342

(/usr/local/texlive/2021/texmf-dist/tex/generic/pgf/frontendlayer/tikz/librarie
s/tikzlibrarytopaths.code.tex
File: tikzlibrarytopaths.code.tex 2021/05/15 v3.1.9a (3.1.9a)
)))
(/usr/local/texlive/2021/texmf-dist/tex/generic/pgf/frontendlayer/tikz/librarie
s/tikzlibraryshapes.geometric.code.tex
File: tikzlibraryshapes.geometric.code.tex 2021/05/15 v3.1.9a (3.1.9a)

(/usr/local/texlive/2021/texmf-dist/tex/generic/pgf/libraries/shapes/pgflibrary
shapes.geometric.code.tex
File: pgflibraryshapes.geometric.code.tex 2021/05/15 v3.1.9a (3.1.9a)
))
(/usr/local/texlive/2021/texmf-dist/tex/generic/pgf/frontendlayer/tikz/librarie
s/tikzlibraryarrows.code.tex
File: tikzlibraryarrows.code.tex 2021/05/15 v3.1.9a (3.1.9a)

(/usr/local/texlive/2021/texmf-dist/tex/generic/pgf/libraries/pgflibraryarrows.
code.tex
File: pgflibraryarrows.code.tex 2021/05/15 v3.1.9a (3.1.9a)
\arrowsize=\dimen325
))
Package translations Info: No language package found. I am going to use `englis
h' as default language. on input line 97.


LaTeX Warning: Unused global option(s):
    [fullpage].

(./Hadah_Thesis.aux

LaTeX Warning: Label `sec:intro' multiply defined.


LaTeX Warning: Label `sec:data' multiply defined.


LaTeX Warning: Label `sub:the_determinants_of_hispanic_identity' multiply defin
ed.


LaTeX Warning: Label `sec:results' multiply defined.

)
\openout1 = `Hadah_Thesis.aux'.

LaTeX Font Info:    Checking defaults for OML/cmm/m/it on input line 97.
LaTeX Font Info:    ... okay on input line 97.
LaTeX Font Info:    Checking defaults for OMS/cmsy/m/n on input line 97.
LaTeX Font Info:    ... okay on input line 97.
LaTeX Font Info:    Checking defaults for OT1/cmr/m/n on input line 97.
LaTeX Font Info:    ... okay on input line 97.
LaTeX Font Info:    Checking defaults for T1/cmr/m/n on input line 97.
LaTeX Font Info:    ... okay on input line 97.
LaTeX Font Info:    Checking defaults for TS1/cmr/m/n on input line 97.
LaTeX Font Info:    ... okay on input line 97.
LaTeX Font Info:    Checking defaults for OMX/cmex/m/n on input line 97.
LaTeX Font Info:    ... okay on input line 97.
LaTeX Font Info:    Checking defaults for U/cmr/m/n on input line 97.
LaTeX Font Info:    ... okay on input line 97.

*geometry* driver: auto-detecting
*geometry* detected driver: pdftex
*geometry* verbose mode - [ preamble ] result:
* driver: pdftex
* paper: custom
* layout: <same size as paper>
* layoutoffset:(h,v)=(0.0pt,0.0pt)
* modes: 
* h-part:(L,W,R)=(72.27pt, 469.75499pt, 72.27pt)
* v-part:(T,H,B)=(69.379pt, 621.52243pt, 104.06856pt)
* \paperwidth=614.295pt
* \paperheight=794.96999pt
* \textwidth=469.75499pt
* \textheight=621.52243pt
* \oddsidemargin=0.00002pt
* \evensidemargin=0.00002pt
* \topmargin=-39.89099pt
* \headheight=12.0pt
* \headsep=25.0pt
* \topskip=12.0pt
* \footskip=30.0pt
* \marginparwidth=44.0pt
* \marginparsep=10.0pt
* \columnsep=10.0pt
* \skip\footins=10.8pt plus 4.0pt minus 2.0pt
* \hoffset=0.0pt
* \voffset=0.0pt
* \mag=1000
* \@twocolumnfalse
* \@twosidefalse
* \@mparswitchfalse
* \@reversemarginfalse
* (1in=72.27pt=25.4mm, 1cm=28.453pt)

(/usr/local/texlive/2021/texmf-dist/tex/context/base/mkii/supp-pdf.mkii
[Loading MPS to PDF converter (version 2006.09.02).]
\scratchcounter=\count343
\scratchdimen=\dimen326
\scratchbox=\box110
\nofMPsegments=\count344
\nofMParguments=\count345
\everyMPshowfont=\toks44
\MPscratchCnt=\count346
\MPscratchDim=\dimen327
\MPnumerator=\count347
\makeMPintoPDFobject=\count348
\everyMPtoPDFconversion=\toks45
) (/usr/local/texlive/2021/texmf-dist/tex/latex/epstopdf-pkg/epstopdf-base.sty
Package: epstopdf-base 2020-01-24 v2.11 Base part for package epstopdf
Package epstopdf-base Info: Redefining graphics rule for `.eps' on input line 4
85.

(/usr/local/texlive/2021/texmf-dist/tex/latex/latexconfig/epstopdf-sys.cfg
File: epstopdf-sys.cfg 2010/07/13 v1.3 Configuration of (r)epstopdf for TeX Liv
e
))
Package caption Info: Begin \AtBeginDocument code.
Package caption Info: float package is loaded.
Package caption Info: floatrow package is loaded.
Package caption Info: longtable package is loaded.

(/usr/local/texlive/2021/texmf-dist/tex/latex/caption/ltcaption.sty
Package: ltcaption 2020/05/30 v1.4b longtable captions (AR)
)
Package caption Info: Fixing longtable code of `floatrow' package.
Package caption Info: threeparttable package is loaded.
Package caption Info: End \AtBeginDocument code.

(/usr/local/texlive/2021/texmf-dist/tex/latex/floatrow/fr-longtable.sty
Package: fr-longtable 2007/11/28 v0.1b (beta) floatrow: additions for longtable

\flrow@LT@lasthead=\box111
\flrow@LT@prelastfoot=\box112
\c@FBLTpage=\count349
)
(/usr/local/texlive/2021/texmf-dist/tex/latex/translations/translations-basic-d
ictionary-english.trsl
File: translations-basic-dictionary-english.trsl (english translation file `tra
nslations-basic-dictionary')
)
Package translations Info: loading dictionary `translations-basic-dictionary' f
or `english'. on input line 97.
 [1

{/usr/local/texlive/2021/texmf-var/fonts/map/pdftex/updmap/pdftex.map}] [2] [3]
 [4] [5] [6] (./Hadah_Thesis.toc [7

])
\tf@toc=\write4
\openout4 = `Hadah_Thesis.toc'.

 [8]
(./Hadah_Thesis.lof)
\tf@lof=\write5
\openout5 = `Hadah_Thesis.lof'.

 [9] (./Hadah_Thesis.lot
Overfull \hbox (4.20546pt too wide) in paragraph at lines 12--12
 [][] []\OT1/cmr/m/n/12 Relationship Be-tween Bias and Self-Reported His-panic 
iden-tity Among Second- 
 []


Overfull \hbox (2.49298pt too wide) in paragraph at lines 20--20
 [][] []\OT1/cmr/m/n/12 Relationship Be-tween Self-Reported His-panic Iden-tity
 and Charles and Guryan 
 []


Overfull \hbox (1.51799pt too wide) in paragraph at lines 21--21
 [][] []\OT1/cmr/m/n/12 Relationship Be-tween Self-Reported His-panic iden-tity
 and Charles and Guryan 
 []

)
\tf@lot=\write6
\openout6 = `Hadah_Thesis.lot'.

 [10] [1]
<GraphNonWhites.png, id=44, 867.24pt x 578.16pt>
File: GraphNonWhites.png Graphic file (type png)
<use GraphNonWhites.png>
Package pdftex.def Info: GraphNonWhites.png  used on input line 173.
(pdftex.def)             Requested size: 375.80542pt x 250.53596pt.
 [2]
<HispanicUSA.png, id=49, 867.24pt x 578.16pt>
File: HispanicUSA.png Graphic file (type png)
<use HispanicUSA.png>
Package pdftex.def Info: HispanicUSA.png  used on input line 181.
(pdftex.def)             Requested size: 469.75499pt x 313.17216pt.
 [3 <./GraphNonWhites.png>]
<interracialovertime.png, id=55, 1330.9725pt x 887.315pt>
File: interracialovertime.png Graphic file (type png)
<use interracialovertime.png>
Package pdftex.def Info: interracialovertime.png  used on input line 192.
(pdftex.def)             Requested size: 469.75499pt x 313.16444pt.
 [4 <./HispanicUSA.png>] [5 <./interracialovertime.png>] [6] [7] [8]
<PirChart2.png, id=76, 1437.87187pt x 958.58125pt>
File: PirChart2.png Graphic file (type png)
<use PirChart2.png>
Package pdftex.def Info: PirChart2.png  used on input line 230.
(pdftex.def)             Requested size: 469.75499pt x 313.17342pt.
 [9] [10 <./PirChart2.png>]
(./tables/tab01-observations-by-parents.tex) [11] [12]
(./tables/tab02-observations-by-couple.tex) [13] [14]
(./tables/tab03-summary-stats.tex) [15] [16] (./tables/tab04-summary-stats.tex)
[17] [18] [19] [20] [21] [22] (./tables/tab05-regression.tex) [23] [24]
[25] (./tables/tab06-regression.tex) [26] [27] (./tables/tab07-regression.tex)
[28] [29] [30] [31] [32] [33] [34] [35] [36] [37] (./tables/tab01-SumStat.tex)
[38] [39] [40]
<figure/diag.png, id=191, 674.52pt x 493.845pt>
File: figure/diag.png Graphic file (type png)
<use figure/diag.png>
Package pdftex.def Info: figure/diag.png  used on input line 475.
(pdftex.def)             Requested size: 469.76266pt x 256.06993pt.
 [41 <./figure/diag.png>] (./tables/tab02-observations-by-gen.tex)
<figure/Bias_twostates.png, id=196, 3011.25pt x 1204.5pt>
File: figure/Bias_twostates.png Graphic file (type png)
<use figure/Bias_twostates.png>
Package pdftex.def Info: figure/Bias_twostates.png  used on input line 493.
(pdftex.def)             Requested size: 380.49637pt x 152.19788pt.
<figure/Bias_twostates-hisp.png, id=197, 3011.25pt x 1204.5pt>
File: figure/Bias_twostates-hisp.png Graphic file (type png)
<use figure/Bias_twostates-hisp.png>
Package pdftex.def Info: figure/Bias_twostates-hisp.png  used on input line 499
.
(pdftex.def)             Requested size: 380.49637pt x 152.19788pt.
 [42] [43 <./figure/Bias_twostates.png> <./figure/Bias_twostates-hisp.png>]
<figure/2004skinmap.png, id=206, 578.16pt x 361.35pt>
File: figure/2004skinmap.png Graphic file (type png)
<use figure/2004skinmap.png>
Package pdftex.def Info: figure/2004skinmap.png  used on input line 518.
(pdftex.def)             Requested size: 140.92792pt x 88.07663pt.
<figure/2006skinmap.png, id=207, 578.16pt x 361.35pt>
File: figure/2006skinmap.png Graphic file (type png)
<use figure/2006skinmap.png>
Package pdftex.def Info: figure/2006skinmap.png  used on input line 526.
(pdftex.def)             Requested size: 140.92792pt x 88.07663pt.
<figure/2008skinmap.png, id=208, 578.16pt x 361.35pt>
File: figure/2008skinmap.png Graphic file (type png)
<use figure/2008skinmap.png>
Package pdftex.def Info: figure/2008skinmap.png  used on input line 534.
(pdftex.def)             Requested size: 140.92792pt x 88.07663pt.
<figure/2010skinmap.png, id=209, 578.16pt x 361.35pt>
File: figure/2010skinmap.png Graphic file (type png)
<use figure/2010skinmap.png>
Package pdftex.def Info: figure/2010skinmap.png  used on input line 542.
(pdftex.def)             Requested size: 140.92792pt x 88.07663pt.
<figure/2012skinmap.png, id=210, 578.16pt x 361.35pt>
File: figure/2012skinmap.png Graphic file (type png)
<use figure/2012skinmap.png>
Package pdftex.def Info: figure/2012skinmap.png  used on input line 550.
(pdftex.def)             Requested size: 140.92792pt x 88.07663pt.
<figure/2014skinmap.png, id=211, 578.16pt x 361.35pt>
File: figure/2014skinmap.png Graphic file (type png)
<use figure/2014skinmap.png>
Package pdftex.def Info: figure/2014skinmap.png  used on input line 558.
(pdftex.def)             Requested size: 140.92792pt x 88.07663pt.
<figure/2016skinmap.png, id=212, 578.16pt x 361.35pt>
File: figure/2016skinmap.png Graphic file (type png)
<use figure/2016skinmap.png>
Package pdftex.def Info: figure/2016skinmap.png  used on input line 566.
(pdftex.def)             Requested size: 140.92792pt x 88.07663pt.
<figure/2018skinmap.png, id=213, 578.16pt x 361.35pt>
File: figure/2018skinmap.png Graphic file (type png)
<use figure/2018skinmap.png>
Package pdftex.def Info: figure/2018skinmap.png  used on input line 575.
(pdftex.def)             Requested size: 140.92792pt x 88.07663pt.

[44 <./figure/2004skinmap.png> <./figure/2006skinmap.png> <./figure/2008skinmap
.png> <./figure/2010skinmap.png> <./figure/2012skinmap.png> <./figure/2014skinm
ap.png> <./figure/2016skinmap.png> <./figure/2018skinmap.png>]
<figure/skinmap_all.png, id=217, 2409.0pt x 1505.625pt>
File: figure/skinmap_all.png Graphic file (type png)
<use figure/skinmap_all.png>
Package pdftex.def Info: figure/skinmap_all.png  used on input line 591.
(pdftex.def)             Requested size: 469.75499pt x 293.58421pt.
 [45 <./figure/skinmap_all.png>] (./tables/tab46-Skin-Iat-cps-SumStat.tex) [46]
 [47] [48]
[49] [50]
Overfull \hbox (1.70818pt too wide) in paragraph at lines 649--650
\OT1/cmr/m/n/12 ence be-tween the child of ob-jec-tively Hispanic-Hispanic-Whit
e-White grand-par-ents (HHWW)
 []

<figure/skin-iat-regression-all-gens.png, id=239, 3011.25pt x 1204.5pt>
File: figure/skin-iat-regression-all-gens.png Graphic file (type png)
<use figure/skin-iat-regression-all-gens.png>
Package pdftex.def Info: figure/skin-iat-regression-all-gens.png  used on input
 line 660.
(pdftex.def)             Requested size: 202.93095pt x 81.1624pt.
<figure/skin-iat-regression-first-gen.png, id=240, 3011.25pt x 1204.5pt>
File: figure/skin-iat-regression-first-gen.png Graphic file (type png)
<use figure/skin-iat-regression-first-gen.png>
Package pdftex.def Info: figure/skin-iat-regression-first-gen.png  used on inpu
t line 667.
(pdftex.def)             Requested size: 202.93095pt x 81.1624pt.
<figure/skin-iat-regression-second-gen.png, id=241, 3011.25pt x 1204.5pt>
File: figure/skin-iat-regression-second-gen.png Graphic file (type png)
<use figure/skin-iat-regression-second-gen.png>
Package pdftex.def Info: figure/skin-iat-regression-second-gen.png  used on inp
ut line 673.
(pdftex.def)             Requested size: 202.93095pt x 81.1624pt.
<figure/skin-iat-regression-third-gen.png, id=242, 3011.25pt x 1204.5pt>
File: figure/skin-iat-regression-third-gen.png Graphic file (type png)
<use figure/skin-iat-regression-third-gen.png>
Package pdftex.def Info: figure/skin-iat-regression-third-gen.png  used on inpu
t line 679.
(pdftex.def)             Requested size: 202.93095pt x 81.1624pt.
[51]
<figure/by-parents-regs-all.png, id=247, 3011.25pt x 1204.5pt>
File: figure/by-parents-regs-all.png Graphic file (type png)
<use figure/by-parents-regs-all.png>
Package pdftex.def Info: figure/by-parents-regs-all.png  used on input line 694
.
(pdftex.def)             Requested size: 202.93095pt x 81.1624pt.
<figure/by-parents-regs-hh.png, id=248, 3011.25pt x 1204.5pt>
File: figure/by-parents-regs-hh.png Graphic file (type png)
<use figure/by-parents-regs-hh.png>
Package pdftex.def Info: figure/by-parents-regs-hh.png  used on input line 701.

(pdftex.def)             Requested size: 202.93095pt x 81.1624pt.
<figure/by-parents-regs-hw.png, id=249, 3011.25pt x 1204.5pt>
File: figure/by-parents-regs-hw.png Graphic file (type png)
<use figure/by-parents-regs-hw.png>
Package pdftex.def Info: figure/by-parents-regs-hw.png  used on input line 707.

(pdftex.def)             Requested size: 202.93095pt x 81.1624pt.
<figure/by-parents-regs-wh.png, id=250, 3011.25pt x 1204.5pt>
File: figure/by-parents-regs-wh.png Graphic file (type png)
<use figure/by-parents-regs-wh.png>
Package pdftex.def Info: figure/by-parents-regs-wh.png  used on input line 713.

(pdftex.def)             Requested size: 202.93095pt x 81.1624pt.
 [52 <./figure/skin-iat-regression-all-gens.png> <./figure/skin-iat-regression-
first-gen.png> <./figure/skin-iat-regression-second-gen.png> <./figure/skin-iat
-regression-third-gen.png>] [53 <./figure/by-parents-regs-all.png> <./figure/by
-parents-regs-hh.png> <./figure/by-parents-regs-hw.png> <./figure/by-parents-re
gs-wh.png>] [54] [55] [56] (./tables/tab04-regression_tab_bygen_skin.tex)
[57]
Overfull \vbox (3.6883pt too high) has occurred while \output is active []


[58] [59] [60] (./tables/tab05-iat_regression_tab_byparent_type.tex) [61]
<figure/skin-iat-regression-interaction-bygen-plot-second.png, id=291, 3011.25p
t x 1204.5pt>
File: figure/skin-iat-regression-interaction-bygen-plot-second.png Graphic file
 (type png)
<use figure/skin-iat-regression-interaction-bygen-plot-second.png>
Package pdftex.def Info: figure/skin-iat-regression-interaction-bygen-plot-seco
nd.png  used on input line 795.
(pdftex.def)             Requested size: 469.75499pt x 187.89021pt.

[62] (./tables/tab45-iat_regression_tab_bygrandparent_type.tex) [63 <./figure/s
kin-iat-regression-interaction-bygen-plot-second.png>]
<figure/skin-iat-regression-interaction-bygen-plot-WW.png, id=300, 3011.25pt x 
1204.5pt>
File: figure/skin-iat-regression-interaction-bygen-plot-WW.png Graphic file (ty
pe png)
<use figure/skin-iat-regression-interaction-bygen-plot-WW.png>
Package pdftex.def Info: figure/skin-iat-regression-interaction-bygen-plot-WW.p
ng  used on input line 812.
(pdftex.def)             Requested size: 202.93095pt x 81.1624pt.
<figure/skin-iat-regression-interaction-bygen-plot-HH.png, id=301, 3011.25pt x 
1204.5pt>
File: figure/skin-iat-regression-interaction-bygen-plot-HH.png Graphic file (ty
pe png)
<use figure/skin-iat-regression-interaction-bygen-plot-HH.png>
Package pdftex.def Info: figure/skin-iat-regression-interaction-bygen-plot-HH.p
ng  used on input line 820.
(pdftex.def)             Requested size: 202.93095pt x 81.1624pt.
<figure/skin-iat-regression-interaction-bygen-plot-HW.png, id=302, 3011.25pt x 
1204.5pt>
File: figure/skin-iat-regression-interaction-bygen-plot-HW.png Graphic file (ty
pe png)
<use figure/skin-iat-regression-interaction-bygen-plot-HW.png>
Package pdftex.def Info: figure/skin-iat-regression-interaction-bygen-plot-HW.p
ng  used on input line 827.
(pdftex.def)             Requested size: 202.93095pt x 81.1624pt.
<figure/skin-iat-regression-interaction-bygen-plot-WH.png, id=303, 3011.25pt x 
1204.5pt>
File: figure/skin-iat-regression-interaction-bygen-plot-WH.png Graphic file (ty
pe png)
<use figure/skin-iat-regression-interaction-bygen-plot-WH.png>
Package pdftex.def Info: figure/skin-iat-regression-interaction-bygen-plot-WH.p
ng  used on input line 834.
(pdftex.def)             Requested size: 202.93095pt x 81.1624pt.
 [64] [65 <./figure/skin-iat-regression-interaction-bygen-plot-WW.png> <./figur
e/skin-iat-regression-interaction-bygen-plot-HH.png> <./figure/skin-iat-regress
ion-interaction-bygen-plot-HW.png> <./figure/skin-iat-regression-interaction-by
gen-plot-WH.png>]
[66]
Overfull \hbox (16.41635pt too wide) in paragraph at lines 845--846
[]\OT1/cmr/m/n/12 Among third-generation im-mi-grants with ob-jec-tively His-pa
nic pa-ter-nal grandfather-Hispanic
 []


Overfull \hbox (3.94843pt too wide) in paragraph at lines 847--848
[]\OT1/cmr/m/n/12 Among third-generation im-mi-grants with ob-jec-tively His-pa
nic pa-ter-nal grandfather-White
 []


Overfull \hbox (3.94843pt too wide) in paragraph at lines 849--850
[]\OT1/cmr/m/n/12 Among third-generation im-mi-grants with ob-jec-tively White 
pa-ter-nal grandfather-Hispanic
 []

[67] [68] (./tables/tab40-iat-migration-tab.tex) [69] [70]
(./tables/tab41a-marriage.tex) [71] [72] [73] (./tables/maineffect-proxy.tex)
[74] [75] [76]
<figure/skin-iat-regression-interaction-bygen-plot-one-hisp-grand.png, id=349, 
3011.25pt x 1204.5pt>
File: figure/skin-iat-regression-interaction-bygen-plot-one-hisp-grand.png Grap
hic file (type png)
<use figure/skin-iat-regression-interaction-bygen-plot-one-hisp-grand.png>
Package pdftex.def Info: figure/skin-iat-regression-interaction-bygen-plot-one-
hisp-grand.png  used on input line 902.
(pdftex.def)             Requested size: 202.93095pt x 81.1624pt.
<figure/skin-iat-regression-interaction-bygen-plot-two-hisp-grand.png, id=350, 
3011.25pt x 1204.5pt>
File: figure/skin-iat-regression-interaction-bygen-plot-two-hisp-grand.png Grap
hic file (type png)
<use figure/skin-iat-regression-interaction-bygen-plot-two-hisp-grand.png>
Package pdftex.def Info: figure/skin-iat-regression-interaction-bygen-plot-two-
hisp-grand.png  used on input line 909.
(pdftex.def)             Requested size: 202.93095pt x 81.1624pt.
<figure/skin-iat-regression-interaction-bygen-plot-three-hisp-grand.png, id=351
, 3011.25pt x 1204.5pt>
File: figure/skin-iat-regression-interaction-bygen-plot-three-hisp-grand.png Gr
aphic file (type png)
<use figure/skin-iat-regression-interaction-bygen-plot-three-hisp-grand.png>
Package pdftex.def Info: figure/skin-iat-regression-interaction-bygen-plot-thre
e-hisp-grand.png  used on input line 915.
(pdftex.def)             Requested size: 202.93095pt x 81.1624pt.
 [77] [78 <./figure/skin-iat-regression-interaction-bygen-plot-one-hisp-grand.p
ng> <./figure/skin-iat-regression-interaction-bygen-plot-two-hisp-grand.png> <.
/figure/skin-iat-regression-interaction-bygen-plot-three-hisp-grand.png>]
<figure/scatter-plot-bias-hispanic-less2015.png, id=361, 3011.25pt x 1806.75pt>

File: figure/scatter-plot-bias-hispanic-less2015.png Graphic file (type png)
<use figure/scatter-plot-bias-hispanic-less2015.png>
Package pdftex.def Info: figure/scatter-plot-bias-hispanic-less2015.png  used o
n input line 932.
(pdftex.def)             Requested size: 380.49637pt x 228.29681pt.
<figure/scatter-plot-bias-hispanic-great2015.png, id=362, 3011.25pt x 1806.75pt
>
File: figure/scatter-plot-bias-hispanic-great2015.png Graphic file (type png)
<use figure/scatter-plot-bias-hispanic-great2015.png>
Package pdftex.def Info: figure/scatter-plot-bias-hispanic-great2015.png  used 
on input line 939.
(pdftex.def)             Requested size: 380.49637pt x 228.29681pt.
 [79 <./figure/scatter-plot-bias-hispanic-less2015.png> <./figure/scatter-plot-
bias-hispanic-great2015.png>]
<figure/scatter-plot-bias-hh-hispanic-less2015-hh.png, id=368, 3011.25pt x 1806
.75pt>
File: figure/scatter-plot-bias-hh-hispanic-less2015-hh.png Graphic file (type p
ng)
<use figure/scatter-plot-bias-hh-hispanic-less2015-hh.png>
Package pdftex.def Info: figure/scatter-plot-bias-hh-hispanic-less2015-hh.png  
used on input line 955.
(pdftex.def)             Requested size: 380.49637pt x 228.29681pt.
<figure/scatter-plot-bias-hh-hispanic-great2015-hh.png, id=369, 3011.25pt x 180
6.75pt>
File: figure/scatter-plot-bias-hh-hispanic-great2015-hh.png Graphic file (type 
png)
<use figure/scatter-plot-bias-hh-hispanic-great2015-hh.png>
Package pdftex.def Info: figure/scatter-plot-bias-hh-hispanic-great2015-hh.png 
 used on input line 962.
(pdftex.def)             Requested size: 380.49637pt x 228.29681pt.
 [80 <./figure/scatter-plot-bias-hh-hispanic-less2015-hh.png> <./figure/scatter
-plot-bias-hh-hispanic-great2015-hh.png>]
<figure/Hispanics_type.png, id=375, 722.7pt x 433.62pt>
File: figure/Hispanics_type.png Graphic file (type png)
<use figure/Hispanics_type.png>
Package pdftex.def Info: figure/Hispanics_type.png  used on input line 974.
(pdftex.def)             Requested size: 469.75499pt x 281.85628pt.
<figure/Hispanics_all_Obj.png, id=376, 722.7pt x 289.08pt>
File: figure/Hispanics_all_Obj.png Graphic file (type png)
<use figure/Hispanics_all_Obj.png>
Package pdftex.def Info: figure/Hispanics_all_Obj.png  used on input line 981.
(pdftex.def)             Requested size: 469.75499pt x 187.90417pt.
<figure/Hispanics_Obj.png, id=377, 722.7pt x 289.08pt>
File: figure/Hispanics_Obj.png Graphic file (type png)
<use figure/Hispanics_Obj.png>
Package pdftex.def Info: figure/Hispanics_Obj.png  used on input line 988.
(pdftex.def)             Requested size: 469.75499pt x 187.90417pt.

[81 <./figure/Hispanics_type.png (PNG copy)> <./figure/Hispanics_all_Obj.png>]
[82 <./figure/Hispanics_Obj.png (PNG copy)>]
<figure/ImplicitExplicit_scatter.png, id=386, 3011.25pt x 1806.75pt>
File: figure/ImplicitExplicit_scatter.png Graphic file (type png)
<use figure/ImplicitExplicit_scatter.png>
Package pdftex.def Info: figure/ImplicitExplicit_scatter.png  used on input lin
e 999.
(pdftex.def)             Requested size: 469.75499pt x 281.83533pt.
 [83 <./figure/ImplicitExplicit_scatter.png>]
<figure/ImplicitCloseBlk_scatter.png, id=391, 3011.25pt x 1806.75pt>
File: figure/ImplicitCloseBlk_scatter.png Graphic file (type png)
<use figure/ImplicitCloseBlk_scatter.png>
Package pdftex.def Info: figure/ImplicitCloseBlk_scatter.png  used on input lin
e 1010.
(pdftex.def)             Requested size: 469.75499pt x 281.83533pt.
 [84 <./figure/ImplicitCloseBlk_scatter.png>]
<figure/ImplicitVoteBlk_scatter.png, id=396, 3011.25pt x 1806.75pt>
File: figure/ImplicitVoteBlk_scatter.png Graphic file (type png)
<use figure/ImplicitVoteBlk_scatter.png>
Package pdftex.def Info: figure/ImplicitVoteBlk_scatter.png  used on input line
 1021.
(pdftex.def)             Requested size: 469.75499pt x 281.83533pt.
 [85 <./figure/ImplicitVoteBlk_scatter.png>]
<figure/scatter-plot-bias-hh-nothispanic-less2015.png, id=401, 3011.25pt x 1806
.75pt>
File: figure/scatter-plot-bias-hh-nothispanic-less2015.png Graphic file (type p
ng)
<use figure/scatter-plot-bias-hh-nothispanic-less2015.png>
Package pdftex.def Info: figure/scatter-plot-bias-hh-nothispanic-less2015.png  
used on input line 1037.
(pdftex.def)             Requested size: 380.49637pt x 228.29681pt.
<figure/scatter-plot-bias-hh-nothispanic-great2015.png, id=402, 3011.25pt x 180
6.75pt>
File: figure/scatter-plot-bias-hh-nothispanic-great2015.png Graphic file (type 
png)
<use figure/scatter-plot-bias-hh-nothispanic-great2015.png>
Package pdftex.def Info: figure/scatter-plot-bias-hh-nothispanic-great2015.png 
 used on input line 1044.
(pdftex.def)             Requested size: 380.49637pt x 228.29681pt.
 [86 <./figure/scatter-plot-bias-hh-nothispanic-less2015.png> <./figure/scatter
-plot-bias-hh-nothispanic-great2015.png>]
<figure/iatexample1.png, id=408, 1170.3725pt x 560.0925pt>
File: figure/iatexample1.png Graphic file (type png)
<use figure/iatexample1.png>
Package pdftex.def Info: figure/iatexample1.png  used on input line 1071.
(pdftex.def)             Requested size: 202.93095pt x 97.11174pt.
<figure/iatexample2.png, id=409, 730.73pt x 502.87875pt>
File: figure/iatexample2.png Graphic file (type png)
<use figure/iatexample2.png>
Package pdftex.def Info: figure/iatexample2.png  used on input line 1077.
(pdftex.def)             Requested size: 202.93095pt x 139.65408pt.
<figure/iatexample3.png, id=410, 739.76375pt x 500.87125pt>
File: figure/iatexample3.png Graphic file (type png)
<use figure/iatexample3.png>
Package pdftex.def Info: figure/iatexample3.png  used on input line 1082.
(pdftex.def)             Requested size: 202.93095pt x 137.39992pt.
<figure/iatexample4.png, id=411, 733.74126pt x 503.8825pt>
File: figure/iatexample4.png Graphic file (type png)
<use figure/iatexample4.png>
Package pdftex.def Info: figure/iatexample4.png  used on input line 1087.
(pdftex.def)             Requested size: 202.93095pt x 139.3562pt.
<figure/iatexample5.png, id=412, 732.7375pt x 504.88625pt>
File: figure/iatexample5.png Graphic file (type png)
<use figure/iatexample5.png>
Package pdftex.def Info: figure/iatexample5.png  used on input line 1092.
(pdftex.def)             Requested size: 202.93095pt x 139.82639pt.

(./tables/tab06-regression_tab_byproxy_skin.tex) [87 <./figure/iatexample1.png>
 <./figure/iatexample2.png> <./figure/iatexample3.png> <./figure/iatexample4.pn
g> <./figure/iatexample5.png>] [88] (./tables/tab03-iat_regression_tab.tex)
Overfull \vbox (1.93988pt too high) has occurred while \output is active []


[89] (./tables/tab43-regression_tab_bygen_skin.tex)
Overfull \vbox (18.29277pt too high) has occurred while \output is active []


[90] (./tables/tab44-iat_regression_tab_byparent_type-cg.tex) [91]
(./tables/tab48-iat_regression_tab_bygrandparent_type-cg.tex) [92]
(./Hadah_Thesis.bbl [93] [94] [95] [96] [97] [98] [99] [100] [101]) [102]
(./Hadah_Thesis.aux)

LaTeX Warning: There were multiply-defined labels.

 ) 
Here is how much of TeX's memory you used:
 23616 strings out of 478287
 521054 string characters out of 5846751
 764645 words of memory out of 5000000
 41316 multiletter control sequences out of 15000+600000
 477146 words of font info for 55 fonts, out of 8000000 for 9000
 1141 hyphenation exceptions out of 8191
 84i,19n,131p,3198b,919s stack positions out of 5000i,500n,10000p,200000b,80000s
{/usr/local/texlive/2021/texmf-dist/fonts/enc/dvips/cm-super/cm-super-ts1.enc
}</usr/local/texlive/2021/texmf-dist/fonts/type1/public/amsfonts/cm/cmbx12.pfb>
</usr/local/texlive/2021/texmf-dist/fonts/type1/public/amsfonts/cm/cmex10.pfb><
/usr/local/texlive/2021/texmf-dist/fonts/type1/public/amsfonts/cm/cmmi10.pfb></
usr/local/texlive/2021/texmf-dist/fonts/type1/public/amsfonts/cm/cmmi12.pfb></u
sr/local/texlive/2021/texmf-dist/fonts/type1/public/amsfonts/cm/cmmi5.pfb></usr
/local/texlive/2021/texmf-dist/fonts/type1/public/amsfonts/cm/cmmi6.pfb></usr/l
ocal/texlive/2021/texmf-dist/fonts/type1/public/amsfonts/cm/cmmi7.pfb></usr/loc
al/texlive/2021/texmf-dist/fonts/type1/public/amsfonts/cm/cmmi8.pfb></usr/local
/texlive/2021/texmf-dist/fonts/type1/public/amsfonts/cm/cmr10.pfb></usr/local/t
exlive/2021/texmf-dist/fonts/type1/public/amsfonts/cm/cmr12.pfb></usr/local/tex
live/2021/texmf-dist/fonts/type1/public/amsfonts/cm/cmr17.pfb></usr/local/texli
ve/2021/texmf-dist/fonts/type1/public/amsfonts/cm/cmr7.pfb></usr/local/texlive/
2021/texmf-dist/fonts/type1/public/amsfonts/cm/cmr8.pfb></usr/local/texlive/202
1/texmf-dist/fonts/type1/public/amsfonts/cm/cmsy10.pfb></usr/local/texlive/2021
/texmf-dist/fonts/type1/public/amsfonts/cm/cmsy8.pfb></usr/local/texlive/2021/t
exmf-dist/fonts/type1/public/amsfonts/cm/cmti10.pfb></usr/local/texlive/2021/te
xmf-dist/fonts/type1/public/amsfonts/cm/cmti12.pfb></usr/local/texlive/2021/tex
mf-dist/fonts/type1/public/cm-super/sfrm1000.pfb></usr/local/texlive/2021/texmf
-dist/fonts/type1/public/cm-super/sfrm1200.pfb>
Output written on Hadah_Thesis.pdf (112 pages, 6735413 bytes).
PDF statistics:
 555 PDF objects out of 1000 (max. 8388607)
 311 compressed objects within 4 object streams
 0 named destinations out of 1000 (max. 500000)
 258 words of extra memory for PDF output out of 10000 (max. 10000000)

